Arguments: 
  /Users/Larvata/.nvm/versions/node/v8.5.0/bin/node /usr/local/Cellar/yarn/1.1.0/libexec/bin/yarn.js add pug

PATH: 
  /Users/Larvata/.nvm/versions/node/v8.5.0/bin:/Users/Larvata/Projects/my-utils:/usr/local/sbin:/usr/local/bin:/usr/bin:/bin:/usr/sbin:/sbin

Yarn version: 
  1.1.0

Node version: 
  8.5.0

Platform: 
  darwin x64

npm manifest: 
  {
    "name": "node-fancy-index",
    "version": "1.0.0",
    "main": "index.js",
    "license": "MIT"
  }

yarn manifest: 
  No manifest

Lockfile: 
  No lockfile

Trace: 
  Error: https://registry.yarnpkg.com/pug-strip-comments: ETIMEDOUT
      at Timeout._onTimeout (/usr/local/Cellar/yarn/1.1.0/libexec/lib/cli.js:122581:19)
      at ontimeout (timers.js:469:11)
      at tryOnTimeout (timers.js:304:5)
      at Timer.listOnTimeout (timers.js:264:5)
